{
  "RSpec": {
    "coverage": {
      "/Users/diegocharles/Documents/Projetos/Labs/SparkLookTest/app/models/user_import.rb": {
        "lines": [
          1,
          null,
          null,
          null,
          1,
          null,
          1,
          0,
          null,
          null,
          1,
          0,
          0,
          0,
          null,
          null,
          null,
          1,
          null,
          1,
          0,
          null,
          0,
          null,
          null,
          1,
          0,
          null,
          null
        ]
      }
    },
    "timestamp": 1678801985
  }
}
