{
  "RSpec": {
    "coverage": {
      "/Users/diegocharles/Documents/Projetos/Labs/SparkLookTest/app/models/user.rb": {
        "lines": [
          null,
          null,
          null,
          null,
          null,
          null,
          null,
          null,
          null,
          null,
          null,
          null,
          null,
          null,
          null,
          null,
          null,
          null,
          null,
          null,
          null,
          null,
          null,
          null,
          null,
          null,
          null,
          null,
          null,
          null,
          null,
          null,
          null,
          null,
          null,
          1,
          1,
          1,
          null,
          1,
          1,
          1,
          null,
          1,
          202,
          null,
          null,
          1,
          1,
          1,
          1,
          null,
          null,
          1,
          null,
          1,
          24,
          null,
          null,
          1,
          0,
          null,
          null
        ]
      },
      "/Users/diegocharles/Documents/Projetos/Labs/SparkLookTest/app/models/application_record.rb": {
        "lines": [
          1,
          1,
          null
        ]
      },
      "/Users/diegocharles/Documents/Projetos/Labs/SparkLookTest/app/controllers/application_controller.rb": {
        "lines": [
          1,
          null
        ]
      },
      "/Users/diegocharles/Documents/Projetos/Labs/SparkLookTest/app/controllers/users_controller.rb": {
        "lines": [
          1,
          1,
          null,
          1,
          null,
          1,
          null,
          null,
          1,
          11,
          11,
          null,
          null,
          null,
          1,
          0,
          null,
          null,
          null,
          1,
          0,
          null,
          null,
          null,
          1,
          null,
          null,
          null,
          1,
          0,
          null,
          0,
          null,
          null,
          null,
          1,
          0,
          0,
          0,
          null,
          0,
          0,
          null,
          0,
          0,
          null,
          null,
          null,
          null,
          null,
          1,
          0,
          null,
          0,
          0,
          0,
          null,
          null,
          null,
          null,
          1,
          1,
          null,
          1,
          null,
          1,
          2,
          1,
          null,
          null,
          null,
          1,
          1,
          0,
          null,
          null,
          1,
          null,
          0,
          null,
          null
        ]
      },
      "/Users/diegocharles/Documents/Projetos/Labs/SparkLookTest/app/channels/application_cable/connection.rb": {
        "lines": [
          1,
          1,
          null,
          null
        ]
      },
      "/Users/diegocharles/Documents/Projetos/Labs/SparkLookTest/app/models/bank.rb": {
        "lines": [
          null,
          null,
          null,
          null,
          null,
          null,
          null,
          null,
          null,
          null,
          null,
          null,
          null,
          null,
          null,
          null,
          null,
          null,
          null,
          null,
          null,
          null,
          1,
          1,
          null
        ]
      },
      "/Users/diegocharles/Documents/Projetos/Labs/SparkLookTest/app/models/company.rb": {
        "lines": [
          null,
          null,
          null,
          null,
          null,
          null,
          null,
          null,
          null,
          null,
          null,
          null,
          null,
          null,
          null,
          null,
          null,
          null,
          null,
          null,
          1,
          1,
          null,
          1,
          null,
          1,
          null
        ]
      },
      "/Users/diegocharles/Documents/Projetos/Labs/SparkLookTest/app/models/address.rb": {
        "lines": [
          null,
          null,
          null,
          null,
          null,
          null,
          null,
          null,
          null,
          null,
          null,
          null,
          null,
          null,
          null,
          null,
          null,
          null,
          null,
          1,
          1,
          null
        ]
      },
      "/Users/diegocharles/Documents/Projetos/Labs/SparkLookTest/app/mailers/user_mailer.rb": {
        "lines": [
          1,
          null,
          1,
          0,
          0,
          null,
          null
        ]
      },
      "/Users/diegocharles/Documents/Projetos/Labs/SparkLookTest/app/mailers/application_mailer.rb": {
        "lines": [
          1,
          1,
          1,
          null
        ]
      }
    },
    "timestamp": 1679048318
  }
}
